<?xml version="1.0" encoding="UTF-8"?>
<testsuite xmlns:xsi="http://www.w3.org/2001/XMLSchema-instance" xsi:noNamespaceSchemaLocation="https://maven.apache.org/surefire/maven-surefire-plugin/xsd/surefire-test-report.xsd" name="com.prituladima.AccountHolderEndpointTest" time="16.172" tests="5" errors="0" skipped="0" failures="0">
  <properties>
    <property name="sun.desktop" value="windows"/>
    <property name="awt.toolkit" value="sun.awt.windows.WToolkit"/>
    <property name="file.encoding.pkg" value="sun.io"/>
    <property name="java.specification.version" value="1.8"/>
    <property name="sun.cpu.isalist" value="amd64"/>
    <property name="sun.jnu.encoding" value="Cp1251"/>
    <property name="java.class.path" value="C:\Users\Dmytro Prytula\IdeaProjects\revolut-web-app\target\test-classes;C:\Users\Dmytro Prytula\IdeaProjects\revolut-web-app\target\classes;C:\Users\Dmytro Prytula\.m2\repository\io\quarkus\quarkus-hibernate-orm-panache\0.19.1\quarkus-hibernate-orm-panache-0.19.1.jar;C:\Users\Dmytro Prytula\.m2\repository\io\quarkus\quarkus-core\0.19.1\quarkus-core-0.19.1.jar;C:\Users\Dmytro Prytula\.m2\repository\javax\inject\javax.inject\1\javax.inject-1.jar;C:\Users\Dmytro Prytula\.m2\repository\javax\annotation\javax.annotation-api\1.3.2\javax.annotation-api-1.3.2.jar;C:\Users\Dmytro Prytula\.m2\repository\io\smallrye\smallrye-config\1.3.5\smallrye-config-1.3.5.jar;C:\Users\Dmytro Prytula\.m2\repository\org\eclipse\microprofile\config\microprofile-config-api\1.3\microprofile-config-api-1.3.jar;C:\Users\Dmytro Prytula\.m2\repository\org\osgi\org.osgi.annotation.versioning\1.0.0\org.osgi.annotation.versioning-1.0.0.jar;C:\Users\Dmytro Prytula\.m2\repository\javax\enterprise\cdi-api\2.0.SP1\cdi-api-2.0.SP1.jar;C:\Users\Dmytro Prytula\.m2\repository\javax\el\javax.el-api\3.0.0\javax.el-api-3.0.0.jar;C:\Users\Dmytro Prytula\.m2\repository\javax\interceptor\javax.interceptor-api\1.2\javax.interceptor-api-1.2.jar;C:\Users\Dmytro Prytula\.m2\repository\org\jboss\logging\jboss-logging\3.3.2.Final\jboss-logging-3.3.2.Final.jar;C:\Users\Dmytro Prytula\.m2\repository\org\jboss\logmanager\jboss-logmanager-embedded\1.0.3\jboss-logmanager-embedded-1.0.3.jar;C:\Users\Dmytro Prytula\.m2\repository\org\jboss\logging\jboss-logging-annotations\2.1.0.Final\jboss-logging-annotations-2.1.0.Final.jar;C:\Users\Dmytro Prytula\.m2\repository\org\jboss\threads\jboss-threads\3.0.0.Beta4\jboss-threads-3.0.0.Beta4.jar;C:\Users\Dmytro Prytula\.m2\repository\org\slf4j\slf4j-api\1.7.25\slf4j-api-1.7.25.jar;C:\Users\Dmytro Prytula\.m2\repository\org\jboss\slf4j\slf4j-jboss-logging\1.2.0.Final\slf4j-jboss-logging-1.2.0.Final.jar;C:\Users\Dmytro Prytula\.m2\repository\org\graalvm\sdk\graal-sdk\19.0.2\graal-sdk-19.0.2.jar;C:\Users\Dmytro Prytula\.m2\repository\org\wildfly\common\wildfly-common\1.5.0.Final-format-001\wildfly-common-1.5.0.Final-format-001.jar;C:\Users\Dmytro Prytula\.m2\repository\org\wildfly\security\wildfly-elytron-ssl\2.0.0.Alpha4\wildfly-elytron-ssl-2.0.0.Alpha4.jar;C:\Users\Dmytro Prytula\.m2\repository\org\wildfly\security\wildfly-elytron-auth-server\2.0.0.Alpha4\wildfly-elytron-auth-server-2.0.0.Alpha4.jar;C:\Users\Dmytro Prytula\.m2\repository\org\wildfly\security\wildfly-elytron-permission\2.0.0.Alpha4\wildfly-elytron-permission-2.0.0.Alpha4.jar;C:\Users\Dmytro Prytula\.m2\repository\org\wildfly\security\wildfly-elytron-base\2.0.0.Alpha4\wildfly-elytron-base-2.0.0.Alpha4.jar;C:\Users\Dmytro Prytula\.m2\repository\org\wildfly\security\wildfly-elytron-credential\2.0.0.Alpha4\wildfly-elytron-credential-2.0.0.Alpha4.jar;C:\Users\Dmytro Prytula\.m2\repository\org\wildfly\security\wildfly-elytron-keystore\2.0.0.Alpha4\wildfly-elytron-keystore-2.0.0.Alpha4.jar;C:\Users\Dmytro Prytula\.m2\repository\org\wildfly\security\wildfly-elytron-provider-util\2.0.0.Alpha4\wildfly-elytron-provider-util-2.0.0.Alpha4.jar;C:\Users\Dmytro Prytula\.m2\repository\org\wildfly\security\wildfly-elytron-auth\2.0.0.Alpha4\wildfly-elytron-auth-2.0.0.Alpha4.jar;C:\Users\Dmytro Prytula\.m2\repository\org\wildfly\security\wildfly-elytron-util\2.0.0.Alpha4\wildfly-elytron-util-2.0.0.Alpha4.jar;C:\Users\Dmytro Prytula\.m2\repository\org\wildfly\security\wildfly-elytron-x500\2.0.0.Alpha4\wildfly-elytron-x500-2.0.0.Alpha4.jar;C:\Users\Dmytro Prytula\.m2\repository\org\wildfly\security\wildfly-elytron-x500-cert\2.0.0.Alpha4\wildfly-elytron-x500-cert-2.0.0.Alpha4.jar;C:\Users\Dmytro Prytula\.m2\repository\org\wildfly\security\wildfly-elytron-asn1\2.0.0.Alpha4\wildfly-elytron-asn1-2.0.0.Alpha4.jar;C:\Users\Dmytro Prytula\.m2\repository\org\wildfly\security\wildfly-elytron-x500-cert-util\2.0.0.Alpha4\wildfly-elytron-x500-cert-util-2.0.0.Alpha4.jar;C:\Users\Dmytro Prytula\.m2\repository\io\quarkus\quarkus-hibernate-orm\0.19.1\quarkus-hibernate-orm-0.19.1.jar;C:\Users\Dmytro Prytula\.m2\repository\io\quarkus\quarkus-agroal\0.19.1\quarkus-agroal-0.19.1.jar;C:\Users\Dmytro Prytula\.m2\repository\org\jboss\narayana\jta\narayana-jta\5.9.3.Final\narayana-jta-5.9.3.Final.jar;C:\Users\Dmytro Prytula\.m2\repository\org\jboss\jboss-transaction-spi\7.6.0.Final\jboss-transaction-spi-7.6.0.Final.jar;C:\Users\Dmytro Prytula\.m2\repository\org\jboss\spec\javax\resource\jboss-connector-api_1.7_spec\1.0.0.Final\jboss-connector-api_1.7_spec-1.0.0.Final.jar;C:\Users\Dmytro Prytula\.m2\repository\org\jboss\narayana\jts\narayana-jts-integration\5.9.3.Final\narayana-jts-integration-5.9.3.Final.jar;C:\Users\Dmytro Prytula\.m2\repository\org\jboss\spec\javax\transaction\jboss-transaction-api_1.2_spec\1.1.1.Final\jboss-transaction-api_1.2_spec-1.1.1.Final.jar;C:\Users\Dmytro Prytula\.m2\repository\io\agroal\agroal-api\1.5\agroal-api-1.5.jar;C:\Users\Dmytro Prytula\.m2\repository\io\agroal\agroal-narayana\1.5\agroal-narayana-1.5.jar;C:\Users\Dmytro Prytula\.m2\repository\io\agroal\agroal-pool\1.5\agroal-pool-1.5.jar;C:\Users\Dmytro Prytula\.m2\repository\io\quarkus\quarkus-narayana-jta\0.19.1\quarkus-narayana-jta-0.19.1.jar;C:\Users\Dmytro Prytula\.m2\repository\io\smallrye\reactive\smallrye-reactive-streams-operators-1.0\1.0.6\smallrye-reactive-streams-operators-1.0-1.0.6.jar;C:\Users\Dmytro Prytula\.m2\repository\org\eclipse\microprofile\reactive-streams-operators\microprofile-reactive-streams-operators-api\1.0\microprofile-reactive-streams-operators-api-1.0.jar;C:\Users\Dmytro Prytula\.m2\repository\org\reactivestreams\reactive-streams\1.0.2\reactive-streams-1.0.2.jar;C:\Users\Dmytro Prytula\.m2\repository\org\eclipse\microprofile\reactive-streams-operators\microprofile-reactive-streams-operators-core\1.0\microprofile-reactive-streams-operators-core-1.0.jar;C:\Users\Dmytro Prytula\.m2\repository\io\reactivex\rxjava2\rxjava\2.2.9\rxjava-2.2.9.jar;C:\Users\Dmytro Prytula\.m2\repository\io\smallrye\smallrye-context-propagation-jta\1.0.7\smallrye-context-propagation-jta-1.0.7.jar;C:\Users\Dmytro Prytula\.m2\repository\io\smallrye\smallrye-context-propagation\1.0.7\smallrye-context-propagation-1.0.7.jar;C:\Users\Dmytro Prytula\.m2\repository\io\smallrye\smallrye-context-propagation-api\1.0.7\smallrye-context-propagation-api-1.0.7.jar;C:\Users\Dmytro Prytula\.m2\repository\javax\transaction\javax.transaction-api\1.2\javax.transaction-api-1.2.jar;C:\Users\Dmytro Prytula\.m2\repository\io\smallrye\reactive\smallrye-reactive-converter-api\1.0.4\smallrye-reactive-converter-api-1.0.4.jar;C:\Users\Dmytro Prytula\.m2\repository\org\hibernate\hibernate-core\5.4.3.Final\hibernate-core-5.4.3.Final.jar;C:\Users\Dmytro Prytula\.m2\repository\javax\persistence\javax.persistence-api\2.2\javax.persistence-api-2.2.jar;C:\Users\Dmytro Prytula\.m2\repository\net\bytebuddy\byte-buddy\1.9.10\byte-buddy-1.9.10.jar;C:\Users\Dmytro Prytula\.m2\repository\antlr\antlr\2.7.7\antlr-2.7.7.jar;C:\Users\Dmytro Prytula\.m2\repository\com\fasterxml\classmate\1.3.4\classmate-1.3.4.jar;C:\Users\Dmytro Prytula\.m2\repository\org\dom4j\dom4j\2.1.1\dom4j-2.1.1.jar;C:\Users\Dmytro Prytula\.m2\repository\org\hibernate\common\hibernate-commons-annotations\5.1.0.Final\hibernate-commons-annotations-5.1.0.Final.jar;C:\Users\Dmytro Prytula\.m2\repository\org\hibernate\quarkus-local-cache\0.1.0\quarkus-local-cache-0.1.0.jar;C:\Users\Dmytro Prytula\.m2\repository\com\github\ben-manes\caffeine\caffeine\2.6.2\caffeine-2.6.2.jar;C:\Users\Dmytro Prytula\.m2\repository\io\quarkus\quarkus-caffeine\0.19.1\quarkus-caffeine-0.19.1.jar;C:\Users\Dmytro Prytula\.m2\repository\io\quarkus\quarkus-arc\0.19.1\quarkus-arc-0.19.1.jar;C:\Users\Dmytro Prytula\.m2\repository\io\quarkus\arc\arc\0.19.1\arc-0.19.1.jar;C:\Users\Dmytro Prytula\.m2\repository\org\eclipse\microprofile\context-propagation\microprofile-context-propagation-api\1.0-RC1\microprofile-context-propagation-api-1.0-RC1.jar;C:\Users\Dmytro Prytula\.m2\repository\io\quarkus\quarkus-panache-common\0.19.1\quarkus-panache-common-0.19.1.jar;C:\Users\Dmytro Prytula\.m2\repository\io\quarkus\quarkus-resteasy-jsonb\0.19.1\quarkus-resteasy-jsonb-0.19.1.jar;C:\Users\Dmytro Prytula\.m2\repository\io\quarkus\quarkus-resteasy\0.19.1\quarkus-resteasy-0.19.1.jar;C:\Users\Dmytro Prytula\.m2\repository\io\quarkus\quarkus-undertow\0.19.1\quarkus-undertow-0.19.1.jar;C:\Users\Dmytro Prytula\.m2\repository\io\undertow\undertow-servlet\2.0.21.Final\undertow-servlet-2.0.21.Final.jar;C:\Users\Dmytro Prytula\.m2\repository\io\undertow\undertow-core\2.0.21.Final\undertow-core-2.0.21.Final.jar;C:\Users\Dmytro Prytula\.m2\repository\org\jboss\spec\javax\servlet\jboss-servlet-api_4.0_spec\1.0.0.Final\jboss-servlet-api_4.0_spec-1.0.0.Final.jar;C:\Users\Dmytro Prytula\.m2\repository\org\jboss\xnio\xnio-nio\3.7.2.Final\xnio-nio-3.7.2.Final.jar;C:\Users\Dmytro Prytula\.m2\repository\org\jboss\xnio\xnio-api\3.7.2.Final\xnio-api-3.7.2.Final.jar;C:\Users\Dmytro Prytula\.m2\repository\io\quarkus\quarkus-resteasy-server-common\0.19.1\quarkus-resteasy-server-common-0.19.1.jar;C:\Users\Dmytro Prytula\.m2\repository\io\quarkus\quarkus-resteasy-common\0.19.1\quarkus-resteasy-common-0.19.1.jar;C:\Users\Dmytro Prytula\.m2\repository\org\jboss\resteasy\resteasy-core\4.1.0.Final\resteasy-core-4.1.0.Final.jar;C:\Users\Dmytro Prytula\.m2\repository\org\jboss\spec\javax\ws\rs\jboss-jaxrs-api_2.1_spec\1.0.2.Final\jboss-jaxrs-api_2.1_spec-1.0.2.Final.jar;C:\Users\Dmytro Prytula\.m2\repository\org\jboss\spec\javax\xml\bind\jboss-jaxb-api_2.3_spec\1.0.1.Final\jboss-jaxb-api_2.3_spec-1.0.1.Final.jar;C:\Users\Dmytro Prytula\.m2\repository\org\jboss\resteasy\resteasy-core-spi\4.1.0.Final\resteasy-core-spi-4.1.0.Final.jar;C:\Users\Dmytro Prytula\.m2\repository\org\jboss\resteasy\resteasy-context-propagation\4.1.0.Final\resteasy-context-propagation-4.1.0.Final.jar;C:\Users\Dmytro Prytula\.m2\repository\com\sun\activation\jakarta.activation\1.2.1\jakarta.activation-1.2.1.jar;C:\Users\Dmytro Prytula\.m2\repository\javax\validation\validation-api\2.0.1.Final\validation-api-2.0.1.Final.jar;C:\Users\Dmytro Prytula\.m2\repository\io\quarkus\quarkus-jaxb\0.19.1\quarkus-jaxb-0.19.1.jar;C:\Users\Dmytro Prytula\.m2\repository\io\quarkus\quarkus-jsonb\0.19.1\quarkus-jsonb-0.19.1.jar;C:\Users\Dmytro Prytula\.m2\repository\org\eclipse\yasson\1.0.4\yasson-1.0.4.jar;C:\Users\Dmytro Prytula\.m2\repository\javax\json\bind\javax.json.bind-api\1.0\javax.json.bind-api-1.0.jar;C:\Users\Dmytro Prytula\.m2\repository\io\quarkus\quarkus-jsonp\0.19.1\quarkus-jsonp-0.19.1.jar;C:\Users\Dmytro Prytula\.m2\repository\org\jboss\resteasy\resteasy-json-binding-provider\4.1.0.Final\resteasy-json-binding-provider-4.1.0.Final.jar;C:\Users\Dmytro Prytula\.m2\repository\org\glassfish\javax.json\1.1.4\javax.json-1.1.4.jar;C:\Users\Dmytro Prytula\.m2\repository\org\jboss\resteasy\resteasy-json-p-provider\4.1.0.Final\resteasy-json-p-provider-4.1.0.Final.jar;C:\Users\Dmytro Prytula\.m2\repository\commons-io\commons-io\2.5\commons-io-2.5.jar;C:\Users\Dmytro Prytula\.m2\repository\io\quarkus\quarkus-jdbc-h2\0.19.1\quarkus-jdbc-h2-0.19.1.jar;C:\Users\Dmytro Prytula\.m2\repository\com\h2database\h2\1.4.197\h2-1.4.197.jar;C:\Users\Dmytro Prytula\.m2\repository\org\locationtech\jts\jts-core\1.15.0\jts-core-1.15.0.jar;C:\Users\Dmytro Prytula\.m2\repository\io\quarkus\quarkus-junit5\0.19.1\quarkus-junit5-0.19.1.jar;C:\Users\Dmytro Prytula\.m2\repository\io\quarkus\quarkus-bootstrap-core\0.19.1\quarkus-bootstrap-core-0.19.1.jar;C:\Users\Dmytro Prytula\.m2\repository\org\apache\maven\maven-embedder\3.5.4\maven-embedder-3.5.4.jar;C:\Users\Dmytro Prytula\.m2\repository\org\apache\maven\maven-settings\3.5.4\maven-settings-3.5.4.jar;C:\Users\Dmytro Prytula\.m2\repository\org\apache\maven\maven-core\3.5.4\maven-core-3.5.4.jar;C:\Users\Dmytro Prytula\.m2\repository\org\apache\maven\maven-artifact\3.5.4\maven-artifact-3.5.4.jar;C:\Users\Dmytro Prytula\.m2\repository\org\apache\maven\maven-plugin-api\3.5.4\maven-plugin-api-3.5.4.jar;C:\Users\Dmytro Prytula\.m2\repository\org\apache\maven\maven-model\3.5.4\maven-model-3.5.4.jar;C:\Users\Dmytro Prytula\.m2\repository\org\apache\maven\maven-model-builder\3.5.4\maven-model-builder-3.5.4.jar;C:\Users\Dmytro Prytula\.m2\repository\org\apache\maven\maven-builder-support\3.5.4\maven-builder-support-3.5.4.jar;C:\Users\Dmytro Prytula\.m2\repository\org\apache\maven\resolver\maven-resolver-api\1.1.1\maven-resolver-api-1.1.1.jar;C:\Users\Dmytro Prytula\.m2\repository\org\apache\maven\resolver\maven-resolver-util\1.1.1\maven-resolver-util-1.1.1.jar;C:\Users\Dmytro Prytula\.m2\repository\org\apache\maven\shared\maven-shared-utils\3.2.1\maven-shared-utils-3.2.1.jar;C:\Users\Dmytro Prytula\.m2\repository\com\google\inject\guice\4.2.0\guice-4.2.0-no_aop.jar;C:\Users\Dmytro Prytula\.m2\repository\aopalliance\aopalliance\1.0\aopalliance-1.0.jar;C:\Users\Dmytro Prytula\.m2\repository\com\google\guava\guava\27.0.1-jre\guava-27.0.1-jre.jar;C:\Users\Dmytro Prytula\.m2\repository\com\google\guava\failureaccess\1.0.1\failureaccess-1.0.1.jar;C:\Users\Dmytro Prytula\.m2\repository\com\google\guava\listenablefuture\9999.0-empty-to-avoid-conflict-with-guava\listenablefuture-9999.0-empty-to-avoid-conflict-with-guava.jar;C:\Users\Dmytro Prytula\.m2\repository\com\google\code\findbugs\jsr305\3.0.2\jsr305-3.0.2.jar;C:\Users\Dmytro Prytula\.m2\repository\org\checkerframework\checker-qual\2.5.2\checker-qual-2.5.2.jar;C:\Users\Dmytro Prytula\.m2\repository\com\google\errorprone\error_prone_annotations\2.2.0\error_prone_annotations-2.2.0.jar;C:\Users\Dmytro Prytula\.m2\repository\com\google\j2objc\j2objc-annotations\1.1\j2objc-annotations-1.1.jar;C:\Users\Dmytro Prytula\.m2\repository\org\codehaus\mojo\animal-sniffer-annotations\1.17\animal-sniffer-annotations-1.17.jar;C:\Users\Dmytro Prytula\.m2\repository\javax\annotation\jsr250-api\1.0\jsr250-api-1.0.jar;C:\Users\Dmytro Prytula\.m2\repository\org\codehaus\plexus\plexus-utils\3.0.24\plexus-utils-3.0.24.jar;C:\Users\Dmytro Prytula\.m2\repository\org\codehaus\plexus\plexus-classworlds\2.5.2\plexus-classworlds-2.5.2.jar;C:\Users\Dmytro Prytula\.m2\repository\org\eclipse\sisu\org.eclipse.sisu.plexus\0.3.3\org.eclipse.sisu.plexus-0.3.3.jar;C:\Users\Dmytro Prytula\.m2\repository\org\codehaus\plexus\plexus-component-annotations\1.7.1\plexus-component-annotations-1.7.1.jar;C:\Users\Dmytro Prytula\.m2\repository\commons-cli\commons-cli\1.4\commons-cli-1.4.jar;C:\Users\Dmytro Prytula\.m2\repository\org\apache\maven\maven-settings-builder\3.5.4\maven-settings-builder-3.5.4.jar;C:\Users\Dmytro Prytula\.m2\repository\org\codehaus\plexus\plexus-interpolation\1.24\plexus-interpolation-1.24.jar;C:\Users\Dmytro Prytula\.m2\repository\org\sonatype\plexus\plexus-sec-dispatcher\1.4\plexus-sec-dispatcher-1.4.jar;C:\Users\Dmytro Prytula\.m2\repository\org\sonatype\plexus\plexus-cipher\1.4\plexus-cipher-1.4.jar;C:\Users\Dmytro Prytula\.m2\repository\org\apache\maven\maven-resolver-provider\3.5.4\maven-resolver-provider-3.5.4.jar;C:\Users\Dmytro Prytula\.m2\repository\org\apache\maven\maven-repository-metadata\3.5.4\maven-repository-metadata-3.5.4.jar;C:\Users\Dmytro Prytula\.m2\repository\org\apache\maven\resolver\maven-resolver-spi\1.1.1\maven-resolver-spi-1.1.1.jar;C:\Users\Dmytro Prytula\.m2\repository\org\apache\maven\resolver\maven-resolver-impl\1.1.1\maven-resolver-impl-1.1.1.jar;C:\Users\Dmytro Prytula\.m2\repository\org\apache\maven\resolver\maven-resolver-connector-basic\1.1.1\maven-resolver-connector-basic-1.1.1.jar;C:\Users\Dmytro Prytula\.m2\repository\org\apache\maven\resolver\maven-resolver-transport-file\1.1.1\maven-resolver-transport-file-1.1.1.jar;C:\Users\Dmytro Prytula\.m2\repository\org\apache\maven\resolver\maven-resolver-transport-http\1.1.1\maven-resolver-transport-http-1.1.1.jar;C:\Users\Dmytro Prytula\.m2\repository\org\slf4j\jcl-over-slf4j\1.7.25\jcl-over-slf4j-1.7.25.jar;C:\Users\Dmytro Prytula\.m2\repository\io\quarkus\quarkus-test-common\0.19.1\quarkus-test-common-0.19.1.jar;C:\Users\Dmytro Prytula\.m2\repository\io\quarkus\quarkus-core-deployment\0.19.1\quarkus-core-deployment-0.19.1.jar;C:\Users\Dmytro Prytula\.m2\repository\commons-beanutils\commons-beanutils\1.9.3\commons-beanutils-1.9.3.jar;C:\Users\Dmytro Prytula\.m2\repository\commons-collections\commons-collections\3.2.2\commons-collections-3.2.2.jar;C:\Users\Dmytro Prytula\.m2\repository\org\jboss\invocation\jboss-invocation\1.5.2.Final\jboss-invocation-1.5.2.Final.jar;C:\Users\Dmytro Prytula\.m2\repository\org\jboss\classfilewriter\jboss-classfilewriter\1.2.4.Final\jboss-classfilewriter-1.2.4.Final.jar;C:\Users\Dmytro Prytula\.m2\repository\io\quarkus\gizmo\gizmo\1.0.0.Alpha5\gizmo-1.0.0.Alpha5.jar;C:\Users\Dmytro Prytula\.m2\repository\org\ow2\asm\asm-util\7.1\asm-util-7.1.jar;C:\Users\Dmytro Prytula\.m2\repository\org\ow2\asm\asm-tree\7.1\asm-tree-7.1.jar;C:\Users\Dmytro Prytula\.m2\repository\org\ow2\asm\asm-analysis\7.1\asm-analysis-7.1.jar;C:\Users\Dmytro Prytula\.m2\repository\org\ow2\asm\asm\7.1\asm-7.1.jar;C:\Users\Dmytro Prytula\.m2\repository\io\quarkus\quarkus-builder\0.19.1\quarkus-builder-0.19.1.jar;C:\Users\Dmytro Prytula\.m2\repository\io\quarkus\quarkus-jsonp-deployment\0.19.1\quarkus-jsonp-deployment-0.19.1.jar;C:\Users\Dmytro Prytula\.m2\repository\org\jboss\jandex\2.1.1.Final\jandex-2.1.1.Final.jar;C:\Users\Dmytro Prytula\.m2\repository\org\junit\jupiter\junit-jupiter-api\5.5.0\junit-jupiter-api-5.5.0.jar;C:\Users\Dmytro Prytula\.m2\repository\org\apiguardian\apiguardian-api\1.1.0\apiguardian-api-1.1.0.jar;C:\Users\Dmytro Prytula\.m2\repository\org\opentest4j\opentest4j\1.2.0\opentest4j-1.2.0.jar;C:\Users\Dmytro Prytula\.m2\repository\org\junit\platform\junit-platform-commons\1.5.0\junit-platform-commons-1.5.0.jar;C:\Users\Dmytro Prytula\.m2\repository\org\junit\jupiter\junit-jupiter-params\5.5.0\junit-jupiter-params-5.5.0.jar;C:\Users\Dmytro Prytula\.m2\repository\org\junit\jupiter\junit-jupiter-engine\5.5.0\junit-jupiter-engine-5.5.0.jar;C:\Users\Dmytro Prytula\.m2\repository\org\junit\platform\junit-platform-engine\1.5.0\junit-platform-engine-1.5.0.jar;C:\Users\Dmytro Prytula\.m2\repository\io\quarkus\quarkus-test-h2\0.19.1\quarkus-test-h2-0.19.1.jar;C:\Users\Dmytro Prytula\.m2\repository\io\rest-assured\rest-assured\3.3.0\rest-assured-3.3.0.jar;C:\Users\Dmytro Prytula\.m2\repository\org\codehaus\groovy\groovy\2.4.15\groovy-2.4.15.jar;C:\Users\Dmytro Prytula\.m2\repository\org\codehaus\groovy\groovy-xml\2.4.15\groovy-xml-2.4.15.jar;C:\Users\Dmytro Prytula\.m2\repository\org\apache\httpcomponents\httpclient\4.5.9\httpclient-4.5.9.jar;C:\Users\Dmytro Prytula\.m2\repository\org\apache\httpcomponents\httpcore\4.4.11\httpcore-4.4.11.jar;C:\Users\Dmytro Prytula\.m2\repository\commons-logging\commons-logging\1.2\commons-logging-1.2.jar;C:\Users\Dmytro Prytula\.m2\repository\commons-codec\commons-codec\1.11\commons-codec-1.11.jar;C:\Users\Dmytro Prytula\.m2\repository\org\apache\httpcomponents\httpmime\4.5.3\httpmime-4.5.3.jar;C:\Users\Dmytro Prytula\.m2\repository\org\hamcrest\hamcrest-core\1.3\hamcrest-core-1.3.jar;C:\Users\Dmytro Prytula\.m2\repository\org\hamcrest\hamcrest-library\1.3\hamcrest-library-1.3.jar;C:\Users\Dmytro Prytula\.m2\repository\org\ccil\cowan\tagsoup\tagsoup\1.2.1\tagsoup-1.2.1.jar;C:\Users\Dmytro Prytula\.m2\repository\io\rest-assured\json-path\3.3.0\json-path-3.3.0.jar;C:\Users\Dmytro Prytula\.m2\repository\org\codehaus\groovy\groovy-json\2.4.15\groovy-json-2.4.15.jar;C:\Users\Dmytro Prytula\.m2\repository\io\rest-assured\rest-assured-common\3.3.0\rest-assured-common-3.3.0.jar;C:\Users\Dmytro Prytula\.m2\repository\io\rest-assured\xml-path\3.3.0\xml-path-3.3.0.jar;C:\Users\Dmytro Prytula\.m2\repository\org\apache\commons\commons-lang3\3.8.1\commons-lang3-3.8.1.jar;C:\Users\Dmytro Prytula\.m2\repository\javax\xml\bind\jaxb-api\2.3.1\jaxb-api-2.3.1.jar;C:\Users\Dmytro Prytula\.m2\repository\org\apache\sling\org.apache.sling.javax.activation\0.1.0\org.apache.sling.javax.activation-0.1.0.jar;"/>
    <property name="java.vm.vendor" value="Oracle Corporation"/>
    <property name="sun.arch.data.model" value="64"/>
    <property name="user.variant" value=""/>
    <property name="java.vendor.url" value="http://java.oracle.com/"/>
    <property name="user.timezone" value="Europe/Helsinki"/>
    <property name="user.country.format" value="UA"/>
    <property name="java.vm.specification.version" value="1.8"/>
    <property name="os.name" value="Windows 10"/>
    <property name="user.country" value="RU"/>
    <property name="sun.java.launcher" value="SUN_STANDARD"/>
    <property name="sun.boot.library.path" value="C:\Program Files\Java\jdk1.8.0_192\jre\bin"/>
    <property name="sun.java.command" value="C:\Users\DMYTRO~1\AppData\Local\Temp\surefire1527161974468232670\surefirebooter8880917890296420861.jar C:\Users\Dmytro Prytula\AppData\Local\Temp\surefire1527161974468232670 2019-07-24T22-07-02_218-jvmRun1 surefire7642037641350437341tmp surefire_07538712019876388459tmp"/>
    <property name="surefire.test.class.path" value="C:\Users\Dmytro Prytula\IdeaProjects\revolut-web-app\target\test-classes;C:\Users\Dmytro Prytula\IdeaProjects\revolut-web-app\target\classes;C:\Users\Dmytro Prytula\.m2\repository\io\quarkus\quarkus-hibernate-orm-panache\0.19.1\quarkus-hibernate-orm-panache-0.19.1.jar;C:\Users\Dmytro Prytula\.m2\repository\io\quarkus\quarkus-core\0.19.1\quarkus-core-0.19.1.jar;C:\Users\Dmytro Prytula\.m2\repository\javax\inject\javax.inject\1\javax.inject-1.jar;C:\Users\Dmytro Prytula\.m2\repository\javax\annotation\javax.annotation-api\1.3.2\javax.annotation-api-1.3.2.jar;C:\Users\Dmytro Prytula\.m2\repository\io\smallrye\smallrye-config\1.3.5\smallrye-config-1.3.5.jar;C:\Users\Dmytro Prytula\.m2\repository\org\eclipse\microprofile\config\microprofile-config-api\1.3\microprofile-config-api-1.3.jar;C:\Users\Dmytro Prytula\.m2\repository\org\osgi\org.osgi.annotation.versioning\1.0.0\org.osgi.annotation.versioning-1.0.0.jar;C:\Users\Dmytro Prytula\.m2\repository\javax\enterprise\cdi-api\2.0.SP1\cdi-api-2.0.SP1.jar;C:\Users\Dmytro Prytula\.m2\repository\javax\el\javax.el-api\3.0.0\javax.el-api-3.0.0.jar;C:\Users\Dmytro Prytula\.m2\repository\javax\interceptor\javax.interceptor-api\1.2\javax.interceptor-api-1.2.jar;C:\Users\Dmytro Prytula\.m2\repository\org\jboss\logging\jboss-logging\3.3.2.Final\jboss-logging-3.3.2.Final.jar;C:\Users\Dmytro Prytula\.m2\repository\org\jboss\logmanager\jboss-logmanager-embedded\1.0.3\jboss-logmanager-embedded-1.0.3.jar;C:\Users\Dmytro Prytula\.m2\repository\org\jboss\logging\jboss-logging-annotations\2.1.0.Final\jboss-logging-annotations-2.1.0.Final.jar;C:\Users\Dmytro Prytula\.m2\repository\org\jboss\threads\jboss-threads\3.0.0.Beta4\jboss-threads-3.0.0.Beta4.jar;C:\Users\Dmytro Prytula\.m2\repository\org\slf4j\slf4j-api\1.7.25\slf4j-api-1.7.25.jar;C:\Users\Dmytro Prytula\.m2\repository\org\jboss\slf4j\slf4j-jboss-logging\1.2.0.Final\slf4j-jboss-logging-1.2.0.Final.jar;C:\Users\Dmytro Prytula\.m2\repository\org\graalvm\sdk\graal-sdk\19.0.2\graal-sdk-19.0.2.jar;C:\Users\Dmytro Prytula\.m2\repository\org\wildfly\common\wildfly-common\1.5.0.Final-format-001\wildfly-common-1.5.0.Final-format-001.jar;C:\Users\Dmytro Prytula\.m2\repository\org\wildfly\security\wildfly-elytron-ssl\2.0.0.Alpha4\wildfly-elytron-ssl-2.0.0.Alpha4.jar;C:\Users\Dmytro Prytula\.m2\repository\org\wildfly\security\wildfly-elytron-auth-server\2.0.0.Alpha4\wildfly-elytron-auth-server-2.0.0.Alpha4.jar;C:\Users\Dmytro Prytula\.m2\repository\org\wildfly\security\wildfly-elytron-permission\2.0.0.Alpha4\wildfly-elytron-permission-2.0.0.Alpha4.jar;C:\Users\Dmytro Prytula\.m2\repository\org\wildfly\security\wildfly-elytron-base\2.0.0.Alpha4\wildfly-elytron-base-2.0.0.Alpha4.jar;C:\Users\Dmytro Prytula\.m2\repository\org\wildfly\security\wildfly-elytron-credential\2.0.0.Alpha4\wildfly-elytron-credential-2.0.0.Alpha4.jar;C:\Users\Dmytro Prytula\.m2\repository\org\wildfly\security\wildfly-elytron-keystore\2.0.0.Alpha4\wildfly-elytron-keystore-2.0.0.Alpha4.jar;C:\Users\Dmytro Prytula\.m2\repository\org\wildfly\security\wildfly-elytron-provider-util\2.0.0.Alpha4\wildfly-elytron-provider-util-2.0.0.Alpha4.jar;C:\Users\Dmytro Prytula\.m2\repository\org\wildfly\security\wildfly-elytron-auth\2.0.0.Alpha4\wildfly-elytron-auth-2.0.0.Alpha4.jar;C:\Users\Dmytro Prytula\.m2\repository\org\wildfly\security\wildfly-elytron-util\2.0.0.Alpha4\wildfly-elytron-util-2.0.0.Alpha4.jar;C:\Users\Dmytro Prytula\.m2\repository\org\wildfly\security\wildfly-elytron-x500\2.0.0.Alpha4\wildfly-elytron-x500-2.0.0.Alpha4.jar;C:\Users\Dmytro Prytula\.m2\repository\org\wildfly\security\wildfly-elytron-x500-cert\2.0.0.Alpha4\wildfly-elytron-x500-cert-2.0.0.Alpha4.jar;C:\Users\Dmytro Prytula\.m2\repository\org\wildfly\security\wildfly-elytron-asn1\2.0.0.Alpha4\wildfly-elytron-asn1-2.0.0.Alpha4.jar;C:\Users\Dmytro Prytula\.m2\repository\org\wildfly\security\wildfly-elytron-x500-cert-util\2.0.0.Alpha4\wildfly-elytron-x500-cert-util-2.0.0.Alpha4.jar;C:\Users\Dmytro Prytula\.m2\repository\io\quarkus\quarkus-hibernate-orm\0.19.1\quarkus-hibernate-orm-0.19.1.jar;C:\Users\Dmytro Prytula\.m2\repository\io\quarkus\quarkus-agroal\0.19.1\quarkus-agroal-0.19.1.jar;C:\Users\Dmytro Prytula\.m2\repository\org\jboss\narayana\jta\narayana-jta\5.9.3.Final\narayana-jta-5.9.3.Final.jar;C:\Users\Dmytro Prytula\.m2\repository\org\jboss\jboss-transaction-spi\7.6.0.Final\jboss-transaction-spi-7.6.0.Final.jar;C:\Users\Dmytro Prytula\.m2\repository\org\jboss\spec\javax\resource\jboss-connector-api_1.7_spec\1.0.0.Final\jboss-connector-api_1.7_spec-1.0.0.Final.jar;C:\Users\Dmytro Prytula\.m2\repository\org\jboss\narayana\jts\narayana-jts-integration\5.9.3.Final\narayana-jts-integration-5.9.3.Final.jar;C:\Users\Dmytro Prytula\.m2\repository\org\jboss\spec\javax\transaction\jboss-transaction-api_1.2_spec\1.1.1.Final\jboss-transaction-api_1.2_spec-1.1.1.Final.jar;C:\Users\Dmytro Prytula\.m2\repository\io\agroal\agroal-api\1.5\agroal-api-1.5.jar;C:\Users\Dmytro Prytula\.m2\repository\io\agroal\agroal-narayana\1.5\agroal-narayana-1.5.jar;C:\Users\Dmytro Prytula\.m2\repository\io\agroal\agroal-pool\1.5\agroal-pool-1.5.jar;C:\Users\Dmytro Prytula\.m2\repository\io\quarkus\quarkus-narayana-jta\0.19.1\quarkus-narayana-jta-0.19.1.jar;C:\Users\Dmytro Prytula\.m2\repository\io\smallrye\reactive\smallrye-reactive-streams-operators-1.0\1.0.6\smallrye-reactive-streams-operators-1.0-1.0.6.jar;C:\Users\Dmytro Prytula\.m2\repository\org\eclipse\microprofile\reactive-streams-operators\microprofile-reactive-streams-operators-api\1.0\microprofile-reactive-streams-operators-api-1.0.jar;C:\Users\Dmytro Prytula\.m2\repository\org\reactivestreams\reactive-streams\1.0.2\reactive-streams-1.0.2.jar;C:\Users\Dmytro Prytula\.m2\repository\org\eclipse\microprofile\reactive-streams-operators\microprofile-reactive-streams-operators-core\1.0\microprofile-reactive-streams-operators-core-1.0.jar;C:\Users\Dmytro Prytula\.m2\repository\io\reactivex\rxjava2\rxjava\2.2.9\rxjava-2.2.9.jar;C:\Users\Dmytro Prytula\.m2\repository\io\smallrye\smallrye-context-propagation-jta\1.0.7\smallrye-context-propagation-jta-1.0.7.jar;C:\Users\Dmytro Prytula\.m2\repository\io\smallrye\smallrye-context-propagation\1.0.7\smallrye-context-propagation-1.0.7.jar;C:\Users\Dmytro Prytula\.m2\repository\io\smallrye\smallrye-context-propagation-api\1.0.7\smallrye-context-propagation-api-1.0.7.jar;C:\Users\Dmytro Prytula\.m2\repository\javax\transaction\javax.transaction-api\1.2\javax.transaction-api-1.2.jar;C:\Users\Dmytro Prytula\.m2\repository\io\smallrye\reactive\smallrye-reactive-converter-api\1.0.4\smallrye-reactive-converter-api-1.0.4.jar;C:\Users\Dmytro Prytula\.m2\repository\org\hibernate\hibernate-core\5.4.3.Final\hibernate-core-5.4.3.Final.jar;C:\Users\Dmytro Prytula\.m2\repository\javax\persistence\javax.persistence-api\2.2\javax.persistence-api-2.2.jar;C:\Users\Dmytro Prytula\.m2\repository\net\bytebuddy\byte-buddy\1.9.10\byte-buddy-1.9.10.jar;C:\Users\Dmytro Prytula\.m2\repository\antlr\antlr\2.7.7\antlr-2.7.7.jar;C:\Users\Dmytro Prytula\.m2\repository\com\fasterxml\classmate\1.3.4\classmate-1.3.4.jar;C:\Users\Dmytro Prytula\.m2\repository\org\dom4j\dom4j\2.1.1\dom4j-2.1.1.jar;C:\Users\Dmytro Prytula\.m2\repository\org\hibernate\common\hibernate-commons-annotations\5.1.0.Final\hibernate-commons-annotations-5.1.0.Final.jar;C:\Users\Dmytro Prytula\.m2\repository\org\hibernate\quarkus-local-cache\0.1.0\quarkus-local-cache-0.1.0.jar;C:\Users\Dmytro Prytula\.m2\repository\com\github\ben-manes\caffeine\caffeine\2.6.2\caffeine-2.6.2.jar;C:\Users\Dmytro Prytula\.m2\repository\io\quarkus\quarkus-caffeine\0.19.1\quarkus-caffeine-0.19.1.jar;C:\Users\Dmytro Prytula\.m2\repository\io\quarkus\quarkus-arc\0.19.1\quarkus-arc-0.19.1.jar;C:\Users\Dmytro Prytula\.m2\repository\io\quarkus\arc\arc\0.19.1\arc-0.19.1.jar;C:\Users\Dmytro Prytula\.m2\repository\org\eclipse\microprofile\context-propagation\microprofile-context-propagation-api\1.0-RC1\microprofile-context-propagation-api-1.0-RC1.jar;C:\Users\Dmytro Prytula\.m2\repository\io\quarkus\quarkus-panache-common\0.19.1\quarkus-panache-common-0.19.1.jar;C:\Users\Dmytro Prytula\.m2\repository\io\quarkus\quarkus-resteasy-jsonb\0.19.1\quarkus-resteasy-jsonb-0.19.1.jar;C:\Users\Dmytro Prytula\.m2\repository\io\quarkus\quarkus-resteasy\0.19.1\quarkus-resteasy-0.19.1.jar;C:\Users\Dmytro Prytula\.m2\repository\io\quarkus\quarkus-undertow\0.19.1\quarkus-undertow-0.19.1.jar;C:\Users\Dmytro Prytula\.m2\repository\io\undertow\undertow-servlet\2.0.21.Final\undertow-servlet-2.0.21.Final.jar;C:\Users\Dmytro Prytula\.m2\repository\io\undertow\undertow-core\2.0.21.Final\undertow-core-2.0.21.Final.jar;C:\Users\Dmytro Prytula\.m2\repository\org\jboss\spec\javax\servlet\jboss-servlet-api_4.0_spec\1.0.0.Final\jboss-servlet-api_4.0_spec-1.0.0.Final.jar;C:\Users\Dmytro Prytula\.m2\repository\org\jboss\xnio\xnio-nio\3.7.2.Final\xnio-nio-3.7.2.Final.jar;C:\Users\Dmytro Prytula\.m2\repository\org\jboss\xnio\xnio-api\3.7.2.Final\xnio-api-3.7.2.Final.jar;C:\Users\Dmytro Prytula\.m2\repository\io\quarkus\quarkus-resteasy-server-common\0.19.1\quarkus-resteasy-server-common-0.19.1.jar;C:\Users\Dmytro Prytula\.m2\repository\io\quarkus\quarkus-resteasy-common\0.19.1\quarkus-resteasy-common-0.19.1.jar;C:\Users\Dmytro Prytula\.m2\repository\org\jboss\resteasy\resteasy-core\4.1.0.Final\resteasy-core-4.1.0.Final.jar;C:\Users\Dmytro Prytula\.m2\repository\org\jboss\spec\javax\ws\rs\jboss-jaxrs-api_2.1_spec\1.0.2.Final\jboss-jaxrs-api_2.1_spec-1.0.2.Final.jar;C:\Users\Dmytro Prytula\.m2\repository\org\jboss\spec\javax\xml\bind\jboss-jaxb-api_2.3_spec\1.0.1.Final\jboss-jaxb-api_2.3_spec-1.0.1.Final.jar;C:\Users\Dmytro Prytula\.m2\repository\org\jboss\resteasy\resteasy-core-spi\4.1.0.Final\resteasy-core-spi-4.1.0.Final.jar;C:\Users\Dmytro Prytula\.m2\repository\org\jboss\resteasy\resteasy-context-propagation\4.1.0.Final\resteasy-context-propagation-4.1.0.Final.jar;C:\Users\Dmytro Prytula\.m2\repository\com\sun\activation\jakarta.activation\1.2.1\jakarta.activation-1.2.1.jar;C:\Users\Dmytro Prytula\.m2\repository\javax\validation\validation-api\2.0.1.Final\validation-api-2.0.1.Final.jar;C:\Users\Dmytro Prytula\.m2\repository\io\quarkus\quarkus-jaxb\0.19.1\quarkus-jaxb-0.19.1.jar;C:\Users\Dmytro Prytula\.m2\repository\io\quarkus\quarkus-jsonb\0.19.1\quarkus-jsonb-0.19.1.jar;C:\Users\Dmytro Prytula\.m2\repository\org\eclipse\yasson\1.0.4\yasson-1.0.4.jar;C:\Users\Dmytro Prytula\.m2\repository\javax\json\bind\javax.json.bind-api\1.0\javax.json.bind-api-1.0.jar;C:\Users\Dmytro Prytula\.m2\repository\io\quarkus\quarkus-jsonp\0.19.1\quarkus-jsonp-0.19.1.jar;C:\Users\Dmytro Prytula\.m2\repository\org\jboss\resteasy\resteasy-json-binding-provider\4.1.0.Final\resteasy-json-binding-provider-4.1.0.Final.jar;C:\Users\Dmytro Prytula\.m2\repository\org\glassfish\javax.json\1.1.4\javax.json-1.1.4.jar;C:\Users\Dmytro Prytula\.m2\repository\org\jboss\resteasy\resteasy-json-p-provider\4.1.0.Final\resteasy-json-p-provider-4.1.0.Final.jar;C:\Users\Dmytro Prytula\.m2\repository\commons-io\commons-io\2.5\commons-io-2.5.jar;C:\Users\Dmytro Prytula\.m2\repository\io\quarkus\quarkus-jdbc-h2\0.19.1\quarkus-jdbc-h2-0.19.1.jar;C:\Users\Dmytro Prytula\.m2\repository\com\h2database\h2\1.4.197\h2-1.4.197.jar;C:\Users\Dmytro Prytula\.m2\repository\org\locationtech\jts\jts-core\1.15.0\jts-core-1.15.0.jar;C:\Users\Dmytro Prytula\.m2\repository\io\quarkus\quarkus-junit5\0.19.1\quarkus-junit5-0.19.1.jar;C:\Users\Dmytro Prytula\.m2\repository\io\quarkus\quarkus-bootstrap-core\0.19.1\quarkus-bootstrap-core-0.19.1.jar;C:\Users\Dmytro Prytula\.m2\repository\org\apache\maven\maven-embedder\3.5.4\maven-embedder-3.5.4.jar;C:\Users\Dmytro Prytula\.m2\repository\org\apache\maven\maven-settings\3.5.4\maven-settings-3.5.4.jar;C:\Users\Dmytro Prytula\.m2\repository\org\apache\maven\maven-core\3.5.4\maven-core-3.5.4.jar;C:\Users\Dmytro Prytula\.m2\repository\org\apache\maven\maven-artifact\3.5.4\maven-artifact-3.5.4.jar;C:\Users\Dmytro Prytula\.m2\repository\org\apache\maven\maven-plugin-api\3.5.4\maven-plugin-api-3.5.4.jar;C:\Users\Dmytro Prytula\.m2\repository\org\apache\maven\maven-model\3.5.4\maven-model-3.5.4.jar;C:\Users\Dmytro Prytula\.m2\repository\org\apache\maven\maven-model-builder\3.5.4\maven-model-builder-3.5.4.jar;C:\Users\Dmytro Prytula\.m2\repository\org\apache\maven\maven-builder-support\3.5.4\maven-builder-support-3.5.4.jar;C:\Users\Dmytro Prytula\.m2\repository\org\apache\maven\resolver\maven-resolver-api\1.1.1\maven-resolver-api-1.1.1.jar;C:\Users\Dmytro Prytula\.m2\repository\org\apache\maven\resolver\maven-resolver-util\1.1.1\maven-resolver-util-1.1.1.jar;C:\Users\Dmytro Prytula\.m2\repository\org\apache\maven\shared\maven-shared-utils\3.2.1\maven-shared-utils-3.2.1.jar;C:\Users\Dmytro Prytula\.m2\repository\com\google\inject\guice\4.2.0\guice-4.2.0-no_aop.jar;C:\Users\Dmytro Prytula\.m2\repository\aopalliance\aopalliance\1.0\aopalliance-1.0.jar;C:\Users\Dmytro Prytula\.m2\repository\com\google\guava\guava\27.0.1-jre\guava-27.0.1-jre.jar;C:\Users\Dmytro Prytula\.m2\repository\com\google\guava\failureaccess\1.0.1\failureaccess-1.0.1.jar;C:\Users\Dmytro Prytula\.m2\repository\com\google\guava\listenablefuture\9999.0-empty-to-avoid-conflict-with-guava\listenablefuture-9999.0-empty-to-avoid-conflict-with-guava.jar;C:\Users\Dmytro Prytula\.m2\repository\com\google\code\findbugs\jsr305\3.0.2\jsr305-3.0.2.jar;C:\Users\Dmytro Prytula\.m2\repository\org\checkerframework\checker-qual\2.5.2\checker-qual-2.5.2.jar;C:\Users\Dmytro Prytula\.m2\repository\com\google\errorprone\error_prone_annotations\2.2.0\error_prone_annotations-2.2.0.jar;C:\Users\Dmytro Prytula\.m2\repository\com\google\j2objc\j2objc-annotations\1.1\j2objc-annotations-1.1.jar;C:\Users\Dmytro Prytula\.m2\repository\org\codehaus\mojo\animal-sniffer-annotations\1.17\animal-sniffer-annotations-1.17.jar;C:\Users\Dmytro Prytula\.m2\repository\javax\annotation\jsr250-api\1.0\jsr250-api-1.0.jar;C:\Users\Dmytro Prytula\.m2\repository\org\codehaus\plexus\plexus-utils\3.0.24\plexus-utils-3.0.24.jar;C:\Users\Dmytro Prytula\.m2\repository\org\codehaus\plexus\plexus-classworlds\2.5.2\plexus-classworlds-2.5.2.jar;C:\Users\Dmytro Prytula\.m2\repository\org\eclipse\sisu\org.eclipse.sisu.plexus\0.3.3\org.eclipse.sisu.plexus-0.3.3.jar;C:\Users\Dmytro Prytula\.m2\repository\org\codehaus\plexus\plexus-component-annotations\1.7.1\plexus-component-annotations-1.7.1.jar;C:\Users\Dmytro Prytula\.m2\repository\commons-cli\commons-cli\1.4\commons-cli-1.4.jar;C:\Users\Dmytro Prytula\.m2\repository\org\apache\maven\maven-settings-builder\3.5.4\maven-settings-builder-3.5.4.jar;C:\Users\Dmytro Prytula\.m2\repository\org\codehaus\plexus\plexus-interpolation\1.24\plexus-interpolation-1.24.jar;C:\Users\Dmytro Prytula\.m2\repository\org\sonatype\plexus\plexus-sec-dispatcher\1.4\plexus-sec-dispatcher-1.4.jar;C:\Users\Dmytro Prytula\.m2\repository\org\sonatype\plexus\plexus-cipher\1.4\plexus-cipher-1.4.jar;C:\Users\Dmytro Prytula\.m2\repository\org\apache\maven\maven-resolver-provider\3.5.4\maven-resolver-provider-3.5.4.jar;C:\Users\Dmytro Prytula\.m2\repository\org\apache\maven\maven-repository-metadata\3.5.4\maven-repository-metadata-3.5.4.jar;C:\Users\Dmytro Prytula\.m2\repository\org\apache\maven\resolver\maven-resolver-spi\1.1.1\maven-resolver-spi-1.1.1.jar;C:\Users\Dmytro Prytula\.m2\repository\org\apache\maven\resolver\maven-resolver-impl\1.1.1\maven-resolver-impl-1.1.1.jar;C:\Users\Dmytro Prytula\.m2\repository\org\apache\maven\resolver\maven-resolver-connector-basic\1.1.1\maven-resolver-connector-basic-1.1.1.jar;C:\Users\Dmytro Prytula\.m2\repository\org\apache\maven\resolver\maven-resolver-transport-file\1.1.1\maven-resolver-transport-file-1.1.1.jar;C:\Users\Dmytro Prytula\.m2\repository\org\apache\maven\resolver\maven-resolver-transport-http\1.1.1\maven-resolver-transport-http-1.1.1.jar;C:\Users\Dmytro Prytula\.m2\repository\org\slf4j\jcl-over-slf4j\1.7.25\jcl-over-slf4j-1.7.25.jar;C:\Users\Dmytro Prytula\.m2\repository\io\quarkus\quarkus-test-common\0.19.1\quarkus-test-common-0.19.1.jar;C:\Users\Dmytro Prytula\.m2\repository\io\quarkus\quarkus-core-deployment\0.19.1\quarkus-core-deployment-0.19.1.jar;C:\Users\Dmytro Prytula\.m2\repository\commons-beanutils\commons-beanutils\1.9.3\commons-beanutils-1.9.3.jar;C:\Users\Dmytro Prytula\.m2\repository\commons-collections\commons-collections\3.2.2\commons-collections-3.2.2.jar;C:\Users\Dmytro Prytula\.m2\repository\org\jboss\invocation\jboss-invocation\1.5.2.Final\jboss-invocation-1.5.2.Final.jar;C:\Users\Dmytro Prytula\.m2\repository\org\jboss\classfilewriter\jboss-classfilewriter\1.2.4.Final\jboss-classfilewriter-1.2.4.Final.jar;C:\Users\Dmytro Prytula\.m2\repository\io\quarkus\gizmo\gizmo\1.0.0.Alpha5\gizmo-1.0.0.Alpha5.jar;C:\Users\Dmytro Prytula\.m2\repository\org\ow2\asm\asm-util\7.1\asm-util-7.1.jar;C:\Users\Dmytro Prytula\.m2\repository\org\ow2\asm\asm-tree\7.1\asm-tree-7.1.jar;C:\Users\Dmytro Prytula\.m2\repository\org\ow2\asm\asm-analysis\7.1\asm-analysis-7.1.jar;C:\Users\Dmytro Prytula\.m2\repository\org\ow2\asm\asm\7.1\asm-7.1.jar;C:\Users\Dmytro Prytula\.m2\repository\io\quarkus\quarkus-builder\0.19.1\quarkus-builder-0.19.1.jar;C:\Users\Dmytro Prytula\.m2\repository\io\quarkus\quarkus-jsonp-deployment\0.19.1\quarkus-jsonp-deployment-0.19.1.jar;C:\Users\Dmytro Prytula\.m2\repository\org\jboss\jandex\2.1.1.Final\jandex-2.1.1.Final.jar;C:\Users\Dmytro Prytula\.m2\repository\org\junit\jupiter\junit-jupiter-api\5.5.0\junit-jupiter-api-5.5.0.jar;C:\Users\Dmytro Prytula\.m2\repository\org\apiguardian\apiguardian-api\1.1.0\apiguardian-api-1.1.0.jar;C:\Users\Dmytro Prytula\.m2\repository\org\opentest4j\opentest4j\1.2.0\opentest4j-1.2.0.jar;C:\Users\Dmytro Prytula\.m2\repository\org\junit\platform\junit-platform-commons\1.5.0\junit-platform-commons-1.5.0.jar;C:\Users\Dmytro Prytula\.m2\repository\org\junit\jupiter\junit-jupiter-params\5.5.0\junit-jupiter-params-5.5.0.jar;C:\Users\Dmytro Prytula\.m2\repository\org\junit\jupiter\junit-jupiter-engine\5.5.0\junit-jupiter-engine-5.5.0.jar;C:\Users\Dmytro Prytula\.m2\repository\org\junit\platform\junit-platform-engine\1.5.0\junit-platform-engine-1.5.0.jar;C:\Users\Dmytro Prytula\.m2\repository\io\quarkus\quarkus-test-h2\0.19.1\quarkus-test-h2-0.19.1.jar;C:\Users\Dmytro Prytula\.m2\repository\io\rest-assured\rest-assured\3.3.0\rest-assured-3.3.0.jar;C:\Users\Dmytro Prytula\.m2\repository\org\codehaus\groovy\groovy\2.4.15\groovy-2.4.15.jar;C:\Users\Dmytro Prytula\.m2\repository\org\codehaus\groovy\groovy-xml\2.4.15\groovy-xml-2.4.15.jar;C:\Users\Dmytro Prytula\.m2\repository\org\apache\httpcomponents\httpclient\4.5.9\httpclient-4.5.9.jar;C:\Users\Dmytro Prytula\.m2\repository\org\apache\httpcomponents\httpcore\4.4.11\httpcore-4.4.11.jar;C:\Users\Dmytro Prytula\.m2\repository\commons-logging\commons-logging\1.2\commons-logging-1.2.jar;C:\Users\Dmytro Prytula\.m2\repository\commons-codec\commons-codec\1.11\commons-codec-1.11.jar;C:\Users\Dmytro Prytula\.m2\repository\org\apache\httpcomponents\httpmime\4.5.3\httpmime-4.5.3.jar;C:\Users\Dmytro Prytula\.m2\repository\org\hamcrest\hamcrest-core\1.3\hamcrest-core-1.3.jar;C:\Users\Dmytro Prytula\.m2\repository\org\hamcrest\hamcrest-library\1.3\hamcrest-library-1.3.jar;C:\Users\Dmytro Prytula\.m2\repository\org\ccil\cowan\tagsoup\tagsoup\1.2.1\tagsoup-1.2.1.jar;C:\Users\Dmytro Prytula\.m2\repository\io\rest-assured\json-path\3.3.0\json-path-3.3.0.jar;C:\Users\Dmytro Prytula\.m2\repository\org\codehaus\groovy\groovy-json\2.4.15\groovy-json-2.4.15.jar;C:\Users\Dmytro Prytula\.m2\repository\io\rest-assured\rest-assured-common\3.3.0\rest-assured-common-3.3.0.jar;C:\Users\Dmytro Prytula\.m2\repository\io\rest-assured\xml-path\3.3.0\xml-path-3.3.0.jar;C:\Users\Dmytro Prytula\.m2\repository\org\apache\commons\commons-lang3\3.8.1\commons-lang3-3.8.1.jar;C:\Users\Dmytro Prytula\.m2\repository\javax\xml\bind\jaxb-api\2.3.1\jaxb-api-2.3.1.jar;C:\Users\Dmytro Prytula\.m2\repository\org\apache\sling\org.apache.sling.javax.activation\0.1.0\org.apache.sling.javax.activation-0.1.0.jar;"/>
    <property name="sun.cpu.endian" value="little"/>
    <property name="user.home" value="C:\Users\Dmytro Prytula"/>
    <property name="user.language" value="ru"/>
    <property name="java.specification.vendor" value="Oracle Corporation"/>
    <property name="java.home" value="C:\Program Files\Java\jdk1.8.0_192\jre"/>
    <property name="basedir" value="C:\Users\Dmytro Prytula\IdeaProjects\revolut-web-app"/>
    <property name="file.separator" value="\"/>
    <property name="line.separator" value="&#10;"/>
    <property name="java.vm.specification.vendor" value="Oracle Corporation"/>
    <property name="java.specification.name" value="Java Platform API Specification"/>
    <property name="java.awt.graphicsenv" value="sun.awt.Win32GraphicsEnvironment"/>
    <property name="surefire.real.class.path" value="C:\Users\DMYTRO~1\AppData\Local\Temp\surefire1527161974468232670\surefirebooter8880917890296420861.jar"/>
    <property name="sun.boot.class.path" value="C:\Program Files\Java\jdk1.8.0_192\jre\lib\resources.jar;C:\Program Files\Java\jdk1.8.0_192\jre\lib\rt.jar;C:\Program Files\Java\jdk1.8.0_192\jre\lib\sunrsasign.jar;C:\Program Files\Java\jdk1.8.0_192\jre\lib\jsse.jar;C:\Program Files\Java\jdk1.8.0_192\jre\lib\jce.jar;C:\Program Files\Java\jdk1.8.0_192\jre\lib\charsets.jar;C:\Program Files\Java\jdk1.8.0_192\jre\lib\jfr.jar;C:\Program Files\Java\jdk1.8.0_192\jre\classes"/>
    <property name="user.script" value=""/>
    <property name="sun.management.compiler" value="HotSpot 64-Bit Tiered Compilers"/>
    <property name="java.runtime.version" value="1.8.0_192-b12"/>
    <property name="user.name" value="Dmytro Prytula"/>
    <property name="path.separator" value=";"/>
    <property name="os.version" value="10.0"/>
    <property name="java.endorsed.dirs" value="C:\Program Files\Java\jdk1.8.0_192\jre\lib\endorsed"/>
    <property name="java.runtime.name" value="Java(TM) SE Runtime Environment"/>
    <property name="file.encoding" value="Cp1251"/>
    <property name="java.vm.name" value="Java HotSpot(TM) 64-Bit Server VM"/>
    <property name="localRepository" value="C:\Users\Dmytro Prytula\.m2\repository"/>
    <property name="java.vendor.url.bug" value="http://bugreport.sun.com/bugreport/"/>
    <property name="java.io.tmpdir" value="C:\Users\DMYTRO~1\AppData\Local\Temp\"/>
    <property name="java.version" value="1.8.0_192"/>
    <property name="user.dir" value="C:\Users\Dmytro Prytula\IdeaProjects\revolut-web-app"/>
    <property name="os.arch" value="amd64"/>
    <property name="java.vm.specification.name" value="Java Virtual Machine Specification"/>
    <property name="java.awt.printerjob" value="sun.awt.windows.WPrinterJob"/>
    <property name="sun.os.patch.level" value=""/>
    <property name="java.util.logging.manager" value="org.jboss.logmanager.LogManager"/>
    <property name="java.library.path" value="C:\Program Files\Java\jdk1.8.0_192\jre\bin;C:\Windows\Sun\Java\bin;C:\Windows\system32;C:\Windows;C:\Program Files (x86)\Common Files\Oracle\Java\javapath;C:\Windows\system32;C:\Windows;C:\Windows\System32\Wbem;C:\Windows\System32\WindowsPowerShell\v1.0\;C:\Windows\System32\OpenSSH\;C:\Program Files\Git\cmd;C:\Program Files\Java\jdk1.8.0_192\bin;C:\Users\Dmytro Prytula\AppData\Local\Microsoft\WindowsApps;;C:\Program Files\JetBrains\IntelliJ IDEA 2018.3.2\bin;;."/>
    <property name="java.vm.info" value="mixed mode"/>
    <property name="java.vendor" value="Oracle Corporation"/>
    <property name="java.vm.version" value="25.192-b12"/>
    <property name="java.ext.dirs" value="C:\Program Files\Java\jdk1.8.0_192\jre\lib\ext;C:\Windows\Sun\Java\lib\ext"/>
    <property name="sun.io.unicode.encoding" value="UnicodeLittle"/>
    <property name="java.class.version" value="52.0"/>
  </properties>
  <testcase name="testListAllAccountHolders" classname="com.prituladima.AccountHolderEndpointTest" time="4.565"/>
  <testcase name="testAccountHolderDoesNotExist" classname="com.prituladima.AccountHolderEndpointTest" time="0.093"/>
  <testcase name="testAccountHolderUpdating" classname="com.prituladima.AccountHolderEndpointTest" time="0.185"/>
  <testcase name="testAccountHolderCreation" classname="com.prituladima.AccountHolderEndpointTest" time="0.075"/>
  <testcase name="testAccountHolderUpdatingByNotExistingId" classname="com.prituladima.AccountHolderEndpointTest" time="0.321"/>
</testsuite>